p/1630689225123.png 1 0 0 820 849
p/1630689225122.png 1 0 0 860 511
p/1630689225138.png 1 0 0 850 687
p/1630689225121.png 1 0 0 900 398
p/1630689225137.jpg 1 0 0 1200 960
p/1630689225135.png 1 0 0 600 500
p/1630689225119.png 1 0 0 860 1366
p/1630689225132.png 1 0 0 300 315
p/1630689225131.png 1 0 0 840 859
p/1630689225127.png 1 0 0 3511 3496
p/1630689225120.png 1 0 0 320 320
p/1630689225134.png 1 0 0 820 703
p/1630689225114.png 1 0 0 860 1080
p/1630689225132.jpg 1 0 0 600 600
p/1630689225136.png 1 0 0 840 859
p/1630689225133.png 1 0 0 1356 897
p/1630689225118.png 1 0 0 800 600
p/1630689225126.png 1 0 0 500 594
p/1630689225129.png 1 0 0 800 800
p/1630689225110.png 1 0 0 280 280
p/1630689225128.png 1 0 0 640 360
p/1630689225113.jpg 1 0 0 3057 2310
p/1630689225137.png 1 0 0 399 280
p/1630689225124.png 1 0 0 640 380
p/1630689225113.png 1 0 0 800 500
p/1630689225125.png 1 0 0 326 324
p/1630689225111.png 1 0 0 280 309
p/1630689225112.png 1 0 0 280 268
p/1630689225116.png 1 0 0 280 168
p/1630689225117.png 1 0 0 280 280
p/1630689225115.png 1 0 0 280 224
p/1630689225132.jpeg 1 0 0 770 450
p/1630689225130.png 1 0 0 575 332
p/1630687135551.png 1 0 0 1201 1135
p/1630687135556.png 1 0 0 820 849
p/1630687135545.png 1 0 0 840 641
p/1630687135563.png 1 0 0 850 687
p/1630687135539.jpg 1 0 0 1300 957
p/1630687135489.png 1 0 0 500 280
p/1630687135555.png 1 0 0 860 511
p/1630687135516.jpg 1 0 0 900 620
p/1630687135547.png 1 0 0 820 361
p/1630687135495.png 1 0 0 820 420
p/1630687135519.png 1 0 0 2278 2706
p/1630687135544.png 1 0 0 402 347
p/1630687135493.png 1 0 0 860 777
p/1630687135531.png 1 0 0 480 503
p/1630687135529.png 1 0 0 1024 1024
p/1630687135561.png 1 0 0 600 500
p/1630687135562.jpg 1 0 0 1200 960
p/1630687135554.png 1 0 0 900 398
p/1630687135548.png 1 0 0 320 320
p/1630687135552.png 1 0 0 860 1366
p/1630687135535.png 1 0 0 877 1280
p/1630687135523.png 1 0 0 840 742
p/1630687135517.jpg 1 0 0 640 640
p/1630687135533.jpg 1 0 0 728 956
p/1630687135517.png 1 0 0 880 686
p/1630687135558.png 1 0 0 840 859
p/1630687135550.jpg 1 0 0 600 600
p/1630687135559.png 1 0 0 300 315
p/1630687135519.jpg 1 0 0 820 544
p/1630687135521.png 1 0 0 920 642
p/1630687135518.jpg 1 0 0 317 338
p/1630687135520.png 1 0 0 480 1007
p/1630687135550.png 1 0 0 860 753
p/1630687135546.png 1 0 0 480 674
p/1630687135538.jpg 1 0 0 6074 5603
p/1630687135524.png 1 0 0 840 655
p/1630687135530.png 1 0 0 850 762
p/1630687135553.png 1 0 0 320 320
p/1630687135557.png 1 0 0 3511 3496
p/1630687135494.png 1 0 0 860 614
p/1630687135492.png 1 0 0 820 950
p/1630687135560.png 1 0 0 820 703
p/1630687135527.png 1 0 0 1967 772
p/1630687135536.png 1 0 0 860 879
p/1630687135525.png 1 0 0 600 600
p/1630687135490.png 1 0 0 348 313
p/1630687135549.png 1 0 0 860 1080
p/1630687135533.png 1 0 0 860 557
p/1630687135542.png 1 0 0 900 450
p/1630687135543.png 1 0 0 1001 1001
p/1630687135559.jpg 1 0 0 600 600
p/1630687135541.png 1 0 0 400 400
p/1630687135536.jpg 1 0 0 830 800
p/1630687135538.png 1 0 0 1600 1301
p/1630687135537.jpg 1 0 0 820 823
p/1630687135532.png 1 0 0 300 373
p/1630687135539.png 1 0 0 360 475
p/1630687135534.jpg 1 0 0 728 870
p/1630687135528.png 1 0 0 1280 1024
p/1630687135491.png 1 0 0 348 348
p/1630687135535.jpg 1 0 0 290 290
p/1630687135526.png 1 0 0 1967 772
p/1630687135562.png 1 0 0 840 859
p/1630687135516.png 1 0 0 840 859
p/1630687135522.png 1 0 0 362 400
p/1630687135529.jpg 1 0 0 600 600
p/1630687135540.png 1 0 0 920 460